A51 MACRO ASSEMBLER  DAY1                                                                 02/11/2021 21:37:34 PAGE     1


MACRO ASSEMBLER A51 V8.2.7.0
NO OBJECT MODULE REQUESTED
ASSEMBLER INVOKED BY: C:\Keil_v5\C51\BIN\A51.EXE day1.asm SET(SMALL) DEBUG PRINT(.\Listings\day1.lst) OBJECT(.\Objects\d
                      ay1.obj) EP

LOC  OBJ            LINE     SOURCE

                       1     ;#include <regx52.h>
                +1     2     
                +1     3     
                +1     4     
                +1     5     
                +1     6     
                +1     7     
                +1     8     
                +1     9     
                +1    10     
                +1    11     
                +1    12     
                +1    13     
                +1    14     
                +1    15     
  0080          +1    16     sfr P0      = 0x80;
*** _____________________________^
*** ERROR #A10 IN 16 (C:\KEIL_V5\C51\INC\ATMEL\REGX52.H, LINE 15): ATTEMPT TO DEFINE AN ALREADY DEFINED SYMBOL
  0081          +1    17     sfr SP      = 0x81;
*** _____________________________^
*** ERROR #A10 IN 17 (C:\KEIL_V5\C51\INC\ATMEL\REGX52.H, LINE 16): ATTEMPT TO DEFINE AN ALREADY DEFINED SYMBOL
  0082          +1    18     sfr DPL     = 0x82;
*** _____________________________^
*** ERROR #A10 IN 18 (C:\KEIL_V5\C51\INC\ATMEL\REGX52.H, LINE 17): ATTEMPT TO DEFINE AN ALREADY DEFINED SYMBOL
  0083          +1    19     sfr DPH     = 0x83;
*** _____________________________^
*** ERROR #A10 IN 19 (C:\KEIL_V5\C51\INC\ATMEL\REGX52.H, LINE 18): ATTEMPT TO DEFINE AN ALREADY DEFINED SYMBOL
  0087          +1    20     sfr PCON    = 0x87;
*** _____________________________^
*** ERROR #A10 IN 20 (C:\KEIL_V5\C51\INC\ATMEL\REGX52.H, LINE 19): ATTEMPT TO DEFINE AN ALREADY DEFINED SYMBOL
  0088          +1    21     sfr TCON    = 0x88;
*** _____________________________^
*** ERROR #A10 IN 21 (C:\KEIL_V5\C51\INC\ATMEL\REGX52.H, LINE 20): ATTEMPT TO DEFINE AN ALREADY DEFINED SYMBOL
  0089          +1    22     sfr TMOD    = 0x89;
*** _____________________________^
*** ERROR #A10 IN 22 (C:\KEIL_V5\C51\INC\ATMEL\REGX52.H, LINE 21): ATTEMPT TO DEFINE AN ALREADY DEFINED SYMBOL
  008A          +1    23     sfr TL0     = 0x8A;
*** _____________________________^
*** ERROR #A10 IN 23 (C:\KEIL_V5\C51\INC\ATMEL\REGX52.H, LINE 22): ATTEMPT TO DEFINE AN ALREADY DEFINED SYMBOL
  008B          +1    24     sfr TL1     = 0x8B;
*** _____________________________^
*** ERROR #A10 IN 24 (C:\KEIL_V5\C51\INC\ATMEL\REGX52.H, LINE 23): ATTEMPT TO DEFINE AN ALREADY DEFINED SYMBOL
  008C          +1    25     sfr TH0     = 0x8C;
*** _____________________________^
*** ERROR #A10 IN 25 (C:\KEIL_V5\C51\INC\ATMEL\REGX52.H, LINE 24): ATTEMPT TO DEFINE AN ALREADY DEFINED SYMBOL
  008D          +1    26     sfr TH1     = 0x8D;
*** _____________________________^
*** ERROR #A10 IN 26 (C:\KEIL_V5\C51\INC\ATMEL\REGX52.H, LINE 25): ATTEMPT TO DEFINE AN ALREADY DEFINED SYMBOL
  0090          +1    27     sfr P1      = 0x90;
*** _____________________________^
*** ERROR #A10 IN 27 (C:\KEIL_V5\C51\INC\ATMEL\REGX52.H, LINE 26): ATTEMPT TO DEFINE AN ALREADY DEFINED SYMBOL
  0098          +1    28     sfr SCON    = 0x98;
*** _____________________________^
*** ERROR #A10 IN 28 (C:\KEIL_V5\C51\INC\ATMEL\REGX52.H, LINE 27): ATTEMPT TO DEFINE AN ALREADY DEFINED SYMBOL
  0099          +1    29     sfr SBUF    = 0x99;
*** _____________________________^
*** ERROR #A10 IN 29 (C:\KEIL_V5\C51\INC\ATMEL\REGX52.H, LINE 28): ATTEMPT TO DEFINE AN ALREADY DEFINED SYMBOL
A51 MACRO ASSEMBLER  DAY1                                                                 02/11/2021 21:37:34 PAGE     2

  00A0          +1    30     sfr P2      = 0xA0;
*** _____________________________^
*** ERROR #A10 IN 30 (C:\KEIL_V5\C51\INC\ATMEL\REGX52.H, LINE 29): ATTEMPT TO DEFINE AN ALREADY DEFINED SYMBOL
  00A8          +1    31     sfr IE      = 0xA8;
*** _____________________________^
*** ERROR #A10 IN 31 (C:\KEIL_V5\C51\INC\ATMEL\REGX52.H, LINE 30): ATTEMPT TO DEFINE AN ALREADY DEFINED SYMBOL
  00B0          +1    32     sfr P3      = 0xB0;
*** _____________________________^
*** ERROR #A10 IN 32 (C:\KEIL_V5\C51\INC\ATMEL\REGX52.H, LINE 31): ATTEMPT TO DEFINE AN ALREADY DEFINED SYMBOL
  00B8          +1    33     sfr IP      = 0xB8;
*** _____________________________^
*** ERROR #A10 IN 33 (C:\KEIL_V5\C51\INC\ATMEL\REGX52.H, LINE 32): ATTEMPT TO DEFINE AN ALREADY DEFINED SYMBOL
  00C8          +1    34     sfr T2CON   = 0xC8;
  00C9          +1    35     sfr T2MOD   = 0xC9;
  00CA          +1    36     sfr RCAP2L  = 0xCA;
  00CB          +1    37     sfr RCAP2H  = 0xCB;
  00CC          +1    38     sfr TL2     = 0xCC;
  00CD          +1    39     sfr TH2     = 0xCD;
  00D0          +1    40     sfr PSW     = 0xD0;
*** _____________________________^
*** ERROR #A10 IN 40 (C:\KEIL_V5\C51\INC\ATMEL\REGX52.H, LINE 39): ATTEMPT TO DEFINE AN ALREADY DEFINED SYMBOL
  00E0          +1    41     sfr ACC     = 0xE0;
*** _____________________________^
*** ERROR #A10 IN 41 (C:\KEIL_V5\C51\INC\ATMEL\REGX52.H, LINE 40): ATTEMPT TO DEFINE AN ALREADY DEFINED SYMBOL
  00F0          +1    42     sfr B       = 0xF0;
*** _____________________________^
*** ERROR #A10 IN 42 (C:\KEIL_V5\C51\INC\ATMEL\REGX52.H, LINE 41): ATTEMPT TO DEFINE AN ALREADY DEFINED SYMBOL
                +1    43     
                +1    44     
                +1    45     
                +1    46     
  0080          +1    47     sbit P0_0 = 0x80;
  0081          +1    48     sbit P0_1 = 0x81;
  0082          +1    49     sbit P0_2 = 0x82;
  0083          +1    50     sbit P0_3 = 0x83;
  0084          +1    51     sbit P0_4 = 0x84;
  0085          +1    52     sbit P0_5 = 0x85;
  0086          +1    53     sbit P0_6 = 0x86;
  0087          +1    54     sbit P0_7 = 0x87;
                +1    55     
                +1    56     
                +1    57     
                +1    58     
                +1    59     
                +1    60     
                +1    61     
                +1    62     
                +1    63     
                +1    64     
                +1    65     
                +1    66     
                +1    67     
                +1    68     
                +1    69     
                +1    70     
  0088          +1    71     sbit IT0  = 0x88;
*** ______________________________^
*** ERROR #A10 IN 71 (C:\KEIL_V5\C51\INC\ATMEL\REGX52.H, LINE 70): ATTEMPT TO DEFINE AN ALREADY DEFINED SYMBOL
  0089          +1    72     sbit IE0  = 0x89;
*** ______________________________^
*** ERROR #A10 IN 72 (C:\KEIL_V5\C51\INC\ATMEL\REGX52.H, LINE 71): ATTEMPT TO DEFINE AN ALREADY DEFINED SYMBOL
  008A          +1    73     sbit IT1  = 0x8A;
*** ______________________________^
*** ERROR #A10 IN 73 (C:\KEIL_V5\C51\INC\ATMEL\REGX52.H, LINE 72): ATTEMPT TO DEFINE AN ALREADY DEFINED SYMBOL
  008B          +1    74     sbit IE1  = 0x8B;
*** ______________________________^
A51 MACRO ASSEMBLER  DAY1                                                                 02/11/2021 21:37:34 PAGE     3

*** ERROR #A10 IN 74 (C:\KEIL_V5\C51\INC\ATMEL\REGX52.H, LINE 73): ATTEMPT TO DEFINE AN ALREADY DEFINED SYMBOL
  008C          +1    75     sbit TR0  = 0x8C;
*** ______________________________^
*** ERROR #A10 IN 75 (C:\KEIL_V5\C51\INC\ATMEL\REGX52.H, LINE 74): ATTEMPT TO DEFINE AN ALREADY DEFINED SYMBOL
  008D          +1    76     sbit TF0  = 0x8D;
*** ______________________________^
*** ERROR #A10 IN 76 (C:\KEIL_V5\C51\INC\ATMEL\REGX52.H, LINE 75): ATTEMPT TO DEFINE AN ALREADY DEFINED SYMBOL
  008E          +1    77     sbit TR1  = 0x8E;
*** ______________________________^
*** ERROR #A10 IN 77 (C:\KEIL_V5\C51\INC\ATMEL\REGX52.H, LINE 76): ATTEMPT TO DEFINE AN ALREADY DEFINED SYMBOL
  008F          +1    78     sbit TF1  = 0x8F;
*** ______________________________^
*** ERROR #A10 IN 78 (C:\KEIL_V5\C51\INC\ATMEL\REGX52.H, LINE 77): ATTEMPT TO DEFINE AN ALREADY DEFINED SYMBOL
                +1    79     
                +1    80     
                +1    81     
                +1    82     
                +1    83     
                +1    84     
                +1    85     
                +1    86     
                +1    87     
                +1    88     
                +1    89     
                +1    90     
                +1    91     
                +1    92     
                +1    93     
                +1    94     
                +1    95     
                +1    96     
                +1    97     
  0090          +1    98     sbit P1_0 = 0x90;
  0091          +1    99     sbit P1_1 = 0x91;
  0092          +1   100     sbit P1_2 = 0x92;
  0093          +1   101     sbit P1_3 = 0x93;
  0094          +1   102     sbit P1_4 = 0x94;
  0095          +1   103     sbit P1_5 = 0x95;
  0096          +1   104     sbit P1_6 = 0x96;
  0097          +1   105     sbit P1_7 = 0x97;
                +1   106     
  0090          +1   107     sbit T2   = 0x90;       /* External input to Timer/Counter 2, clock out */
  0091          +1   108     sbit T2EX = 0x91;       /* Timer/Counter 2 capture/reload trigger & dir ctl */
                +1   109     
                +1   110     
                +1   111     
                +1   112     
  0098          +1   113     sbit RI   = 0x98;
*** ______________________________^
*** ERROR #A10 IN 113 (C:\KEIL_V5\C51\INC\ATMEL\REGX52.H, LINE 112): ATTEMPT TO DEFINE AN ALREADY DEFINED SYMBOL
  0099          +1   114     sbit TI   = 0x99;
*** ______________________________^
*** ERROR #A10 IN 114 (C:\KEIL_V5\C51\INC\ATMEL\REGX52.H, LINE 113): ATTEMPT TO DEFINE AN ALREADY DEFINED SYMBOL
  009A          +1   115     sbit RB8  = 0x9A;
*** ______________________________^
*** ERROR #A10 IN 115 (C:\KEIL_V5\C51\INC\ATMEL\REGX52.H, LINE 114): ATTEMPT TO DEFINE AN ALREADY DEFINED SYMBOL
  009B          +1   116     sbit TB8  = 0x9B;
*** ______________________________^
*** ERROR #A10 IN 116 (C:\KEIL_V5\C51\INC\ATMEL\REGX52.H, LINE 115): ATTEMPT TO DEFINE AN ALREADY DEFINED SYMBOL
  009C          +1   117     sbit REN  = 0x9C;
*** ______________________________^
*** ERROR #A10 IN 117 (C:\KEIL_V5\C51\INC\ATMEL\REGX52.H, LINE 116): ATTEMPT TO DEFINE AN ALREADY DEFINED SYMBOL
  009D          +1   118     sbit SM2  = 0x9D;
*** ______________________________^
*** ERROR #A10 IN 118 (C:\KEIL_V5\C51\INC\ATMEL\REGX52.H, LINE 117): ATTEMPT TO DEFINE AN ALREADY DEFINED SYMBOL
  009E          +1   119     sbit SM1  = 0x9E;
A51 MACRO ASSEMBLER  DAY1                                                                 02/11/2021 21:37:34 PAGE     4

*** ______________________________^
*** ERROR #A10 IN 119 (C:\KEIL_V5\C51\INC\ATMEL\REGX52.H, LINE 118): ATTEMPT TO DEFINE AN ALREADY DEFINED SYMBOL
  009F          +1   120     sbit SM0  = 0x9F;
*** ______________________________^
*** ERROR #A10 IN 120 (C:\KEIL_V5\C51\INC\ATMEL\REGX52.H, LINE 119): ATTEMPT TO DEFINE AN ALREADY DEFINED SYMBOL
                +1   121     
                +1   122     
                +1   123     
                +1   124     
  00A0          +1   125     sbit P2_0 = 0xA0;
  00A1          +1   126     sbit P2_1 = 0xA1;
  00A2          +1   127     sbit P2_2 = 0xA2;
  00A3          +1   128     sbit P2_3 = 0xA3;
  00A4          +1   129     sbit P2_4 = 0xA4;
  00A5          +1   130     sbit P2_5 = 0xA5;
  00A6          +1   131     sbit P2_6 = 0xA6;
  00A7          +1   132     sbit P2_7 = 0xA7;
                +1   133     
                +1   134     
                +1   135     
                +1   136     
  00A8          +1   137     sbit EX0  = 0xA8;       /* 1=Enable External interrupt 0 */
*** ______________________________^
*** ERROR #A10 IN 137 (C:\KEIL_V5\C51\INC\ATMEL\REGX52.H, LINE 136): ATTEMPT TO DEFINE AN ALREADY DEFINED SYMBOL
  00A9          +1   138     sbit ET0  = 0xA9;       /* 1=Enable Timer 0 interrupt */
*** ______________________________^
*** ERROR #A10 IN 138 (C:\KEIL_V5\C51\INC\ATMEL\REGX52.H, LINE 137): ATTEMPT TO DEFINE AN ALREADY DEFINED SYMBOL
  00AA          +1   139     sbit EX1  = 0xAA;       /* 1=Enable External interrupt 1 */
*** ______________________________^
*** ERROR #A10 IN 139 (C:\KEIL_V5\C51\INC\ATMEL\REGX52.H, LINE 138): ATTEMPT TO DEFINE AN ALREADY DEFINED SYMBOL
  00AB          +1   140     sbit ET1  = 0xAB;       /* 1=Enable Timer 1 interrupt */
*** ______________________________^
*** ERROR #A10 IN 140 (C:\KEIL_V5\C51\INC\ATMEL\REGX52.H, LINE 139): ATTEMPT TO DEFINE AN ALREADY DEFINED SYMBOL
  00AC          +1   141     sbit ES   = 0xAC;       /* 1=Enable Serial port interrupt */
*** ______________________________^
*** ERROR #A10 IN 141 (C:\KEIL_V5\C51\INC\ATMEL\REGX52.H, LINE 140): ATTEMPT TO DEFINE AN ALREADY DEFINED SYMBOL
  00AD          +1   142     sbit ET2  = 0xAD;       /* 1=Enable Timer 2 interrupt */
                +1   143     
  00AF          +1   144     sbit EA   = 0xAF;       /* 0=Disable all interrupts */
*** ______________________________^
*** ERROR #A10 IN 144 (C:\KEIL_V5\C51\INC\ATMEL\REGX52.H, LINE 143): ATTEMPT TO DEFINE AN ALREADY DEFINED SYMBOL
                +1   145     
                +1   146     
                +1   147     
                +1   148     
  00B0          +1   149     sbit P3_0 = 0xB0;
  00B1          +1   150     sbit P3_1 = 0xB1;
  00B2          +1   151     sbit P3_2 = 0xB2;
  00B3          +1   152     sbit P3_3 = 0xB3;
  00B4          +1   153     sbit P3_4 = 0xB4;
  00B5          +1   154     sbit P3_5 = 0xB5;
  00B6          +1   155     sbit P3_6 = 0xB6;
  00B7          +1   156     sbit P3_7 = 0xB7;
                +1   157     
  00B0          +1   158     sbit RXD  = 0xB0;       /* Serial data input */
*** ______________________________^
*** ERROR #A10 IN 158 (C:\KEIL_V5\C51\INC\ATMEL\REGX52.H, LINE 157): ATTEMPT TO DEFINE AN ALREADY DEFINED SYMBOL
  00B1          +1   159     sbit TXD  = 0xB1;       /* Serial data output */
*** ______________________________^
*** ERROR #A10 IN 159 (C:\KEIL_V5\C51\INC\ATMEL\REGX52.H, LINE 158): ATTEMPT TO DEFINE AN ALREADY DEFINED SYMBOL
  00B2          +1   160     sbit INT0 = 0xB2;       /* External interrupt 0 */
*** ______________________________^
*** ERROR #A10 IN 160 (C:\KEIL_V5\C51\INC\ATMEL\REGX52.H, LINE 159): ATTEMPT TO DEFINE AN ALREADY DEFINED SYMBOL
  00B3          +1   161     sbit INT1 = 0xB3;       /* External interrupt 1 */
*** ______________________________^
*** ERROR #A10 IN 161 (C:\KEIL_V5\C51\INC\ATMEL\REGX52.H, LINE 160): ATTEMPT TO DEFINE AN ALREADY DEFINED SYMBOL
A51 MACRO ASSEMBLER  DAY1                                                                 02/11/2021 21:37:34 PAGE     5

  00B4          +1   162     sbit T0   = 0xB4;       /* Timer 0 external input */
*** ______________________________^
*** ERROR #A10 IN 162 (C:\KEIL_V5\C51\INC\ATMEL\REGX52.H, LINE 161): ATTEMPT TO DEFINE AN ALREADY DEFINED SYMBOL
  00B5          +1   163     sbit T1   = 0xB5;       /* Timer 1 external input */
*** ______________________________^
*** ERROR #A10 IN 163 (C:\KEIL_V5\C51\INC\ATMEL\REGX52.H, LINE 162): ATTEMPT TO DEFINE AN ALREADY DEFINED SYMBOL
  00B6          +1   164     sbit WR   = 0xB6;       /* External data memory write strobe */
*** ______________________________^
*** ERROR #A10 IN 164 (C:\KEIL_V5\C51\INC\ATMEL\REGX52.H, LINE 163): ATTEMPT TO DEFINE AN ALREADY DEFINED SYMBOL
  00B7          +1   165     sbit RD   = 0xB7;       /* External data memory read strobe */
*** ______________________________^
*** ERROR #A10 IN 165 (C:\KEIL_V5\C51\INC\ATMEL\REGX52.H, LINE 164): ATTEMPT TO DEFINE AN ALREADY DEFINED SYMBOL
                +1   166     
                +1   167     
                +1   168     
                +1   169     
  00B8          +1   170     sbit PX0  = 0xB8;
*** ______________________________^
*** ERROR #A10 IN 170 (C:\KEIL_V5\C51\INC\ATMEL\REGX52.H, LINE 169): ATTEMPT TO DEFINE AN ALREADY DEFINED SYMBOL
  00B9          +1   171     sbit PT0  = 0xB9;
*** ______________________________^
*** ERROR #A10 IN 171 (C:\KEIL_V5\C51\INC\ATMEL\REGX52.H, LINE 170): ATTEMPT TO DEFINE AN ALREADY DEFINED SYMBOL
  00BA          +1   172     sbit PX1  = 0xBA;
*** ______________________________^
*** ERROR #A10 IN 172 (C:\KEIL_V5\C51\INC\ATMEL\REGX52.H, LINE 171): ATTEMPT TO DEFINE AN ALREADY DEFINED SYMBOL
  00BB          +1   173     sbit PT1  = 0xBB;
*** ______________________________^
*** ERROR #A10 IN 173 (C:\KEIL_V5\C51\INC\ATMEL\REGX52.H, LINE 172): ATTEMPT TO DEFINE AN ALREADY DEFINED SYMBOL
  00BC          +1   174     sbit PS   = 0xBC;
*** ______________________________^
*** ERROR #A10 IN 174 (C:\KEIL_V5\C51\INC\ATMEL\REGX52.H, LINE 173): ATTEMPT TO DEFINE AN ALREADY DEFINED SYMBOL
  00BD          +1   175     sbit PT2  = 0xBD;
                +1   176     
                +1   177     
                +1   178     
                +1   179     
  00C8          +1   180     sbit CP_RL2= 0xC8;      /* 0=Reload, 1=Capture select */
  00C9          +1   181     sbit C_T2 = 0xC9;       /* 0=Timer, 1=Counter */
  00CA          +1   182     sbit TR2  = 0xCA;       /* 0=Stop timer, 1=Start timer */
  00CB          +1   183     sbit EXEN2= 0xCB;       /* Timer 2 external enable */
  00CC          +1   184     sbit TCLK = 0xCC;       /* 0=Serial clock uses Timer 1 overflow, 1=Timer 2 */
  00CD          +1   185     sbit RCLK = 0xCD;       /* 0=Serial clock uses Timer 1 overflow, 1=Timer 2 */
  00CE          +1   186     sbit EXF2 = 0xCE;       /* Timer 2 external flag */
  00CF          +1   187     sbit TF2  = 0xCF;       /* Timer 2 overflow flag */
                +1   188     
                +1   189     
                +1   190     
                +1   191     
                +1   192     
                +1   193     
                +1   194     
                +1   195     
                +1   196     
                +1   197     
  00D0          +1   198     sbit P    = 0xD0;
*** ______________________________^
*** ERROR #A10 IN 198 (C:\KEIL_V5\C51\INC\ATMEL\REGX52.H, LINE 197): ATTEMPT TO DEFINE AN ALREADY DEFINED SYMBOL
  00D1          +1   199     sbit F1   = 0xD1;
  00D2          +1   200     sbit OV   = 0xD2;
*** ______________________________^
*** ERROR #A10 IN 200 (C:\KEIL_V5\C51\INC\ATMEL\REGX52.H, LINE 199): ATTEMPT TO DEFINE AN ALREADY DEFINED SYMBOL
  00D3          +1   201     sbit RS0  = 0xD3;
*** ______________________________^
*** ERROR #A10 IN 201 (C:\KEIL_V5\C51\INC\ATMEL\REGX52.H, LINE 200): ATTEMPT TO DEFINE AN ALREADY DEFINED SYMBOL
  00D4          +1   202     sbit RS1  = 0xD4;
*** ______________________________^
A51 MACRO ASSEMBLER  DAY1                                                                 02/11/2021 21:37:34 PAGE     6

*** ERROR #A10 IN 202 (C:\KEIL_V5\C51\INC\ATMEL\REGX52.H, LINE 201): ATTEMPT TO DEFINE AN ALREADY DEFINED SYMBOL
  00D5          +1   203     sbit F0   = 0xD5;
*** ______________________________^
*** ERROR #A10 IN 203 (C:\KEIL_V5\C51\INC\ATMEL\REGX52.H, LINE 202): ATTEMPT TO DEFINE AN ALREADY DEFINED SYMBOL
  00D6          +1   204     sbit AC   = 0xD6;
*** ______________________________^
*** ERROR #A10 IN 204 (C:\KEIL_V5\C51\INC\ATMEL\REGX52.H, LINE 203): ATTEMPT TO DEFINE AN ALREADY DEFINED SYMBOL
  00D7          +1   205     sbit CY   = 0xD7;
*** ______________________________^
*** ERROR #A10 IN 205 (C:\KEIL_V5\C51\INC\ATMEL\REGX52.H, LINE 204): ATTEMPT TO DEFINE AN ALREADY DEFINED SYMBOL
                +1   206     
                +1   207     
                +1   208     
                +1   209     
                +1   210     
                +1   211     
                +1   212     
                +1   213     
                +1   214     
                +1   215     
                +1   216     
                +1   217     
                +1   218     
                +1   219     
                +1   220     
                +1   221     
                +1   222     
                     223     
                     224     void DELAY_ms(unsigned int ms_Count) )  
*** _________________________^
*** ERROR #A9 IN 224 (day1.asm, LINE 2): SYNTAX ERROR
                     225     {
*** _________________________^
*** ERROR #A9 IN 225 (day1.asm, LINE 3): SYNTAX ERROR
                     226     unsigned int i,j;
*** _________________________^
*** ERROR #A9 IN 226 (day1.asm, LINE 4): SYNTAX ERROR
                     227     for(i=0;i<ms_Count;i++)
*** _________________________^
*** ERROR #A9 IN 227 (day1.asm, LINE 5): SYNTAX ERROR
                     228     {
*** _________________________^
*** ERROR #A9 IN 228 (day1.asm, LINE 6): SYNTAX ERROR
                     229     for(j=0;j<100;j++);
*** _________________________^
*** ERROR #A9 IN 229 (day1.asm, LINE 7): SYNTAX ERROR
                     230     }
*** _________________________^
*** ERROR #A9 IN 230 (day1.asm, LINE 8): SYNTAX ERROR
                     231     }
*** _________________________^
*** ERROR #A9 IN 231 (day1.asm, LINE 9): SYNTAX ERROR
                     232     int main() {
*** _________________________^
*** ____________________________________^
*** ERROR #A9 IN 232 (day1.asm, LINE 10): SYNTAX ERROR
*** ERROR #A3 IN 232 (day1.asm, LINE 10): ILLEGAL CHARACTER
                     233     char seg_code[]={0x3f,0x06,0x5b,0x0f,0x66,0x6d,0x7c,0x07,0x7f,0x6f};
*** _________________________^
*** ______________________________________^
*** _______________________________________^
*** _________________________________________^
*** ___________________________________________________________________________________________^
*** ERROR #A9 IN 233 (day1.asm, LINE 11): SYNTAX ERROR
*** ERROR #A3 IN 233 (day1.asm, LINE 11): ILLEGAL CHARACTER
*** ERROR #A3 IN 233 (day1.asm, LINE 11): ILLEGAL CHARACTER
A51 MACRO ASSEMBLER  DAY1                                                                 02/11/2021 21:37:34 PAGE     7

*** ERROR #A3 IN 233 (day1.asm, LINE 11): ILLEGAL CHARACTER
*** ERROR #A3 IN 233 (day1.asm, LINE 11): ILLEGAL CHARACTER
                     234     int i;
*** _________________________^
*** ERROR #A9 IN 234 (day1.asm, LINE 12): SYNTAX ERROR
                     235     while (1)
*** _________________________^
*** ERROR #A9 IN 235 (day1.asm, LINE 13): SYNTAX ERROR
                     236     {
*** _________________________^
*** ERROR #A9 IN 236 (day1.asm, LINE 14): SYNTAX ERROR
                     237     for (i = 0; i <= 9; i++) // loop to display 0-9
*** _________________________^
*** ERROR #A9 IN 237 (day1.asm, LINE 15): SYNTAX ERROR
                     238     {
*** _________________________^
*** ERROR #A9 IN 238 (day1.asm, LINE 16): SYNTAX ERROR
                     239     P2 = seg_code[i];
*** _________________________^
*** ______________________________________^
*** ________________________________________^
*** ERROR #A9 IN 239 (day1.asm, LINE 17): SYNTAX ERROR
*** ERROR #A3 IN 239 (day1.asm, LINE 17): ILLEGAL CHARACTER
*** ERROR #A3 IN 239 (day1.asm, LINE 17): ILLEGAL CHARACTER
                     240     DELAY_ms(1000);
*** _________________________^
*** ERROR #A9 IN 240 (day1.asm, LINE 18): SYNTAX ERROR
                     241     }
*** _________________________^
*** ERROR #A9 IN 241 (day1.asm, LINE 19): SYNTAX ERROR
                     242     }
*** _________________________^
*** ERROR #A9 IN 242 (day1.asm, LINE 20): SYNTAX ERROR
                     243     }
*** _________________________^
*** ERROR #A9 IN 243 (day1.asm, LINE 21): SYNTAX ERROR
*** WARNING #A41 IN 243 (day1.asm, LINE 21): MISSING 'END' STATEMENT
A51 MACRO ASSEMBLER  DAY1                                                                 02/11/2021 21:37:34 PAGE     8

SYMBOL TABLE LISTING
------ ----- -------


N A M E             T Y P E  V A L U E   ATTRIBUTES

AC . . . . . . . .  B ADDR   00D0H.6 A   
ACC. . . . . . . .  D ADDR   00E0H   A   
B. . . . . . . . .  D ADDR   00F0H   A   
CHAR . . . . . . .    ----   -----       
CP_RL2 . . . . . .  B ADDR   00C8H.0 A   
CY . . . . . . . .  B ADDR   00D0H.7 A   
C_T2 . . . . . . .  B ADDR   00C8H.1 A   
DELAY_MS . . . . .    ----   -----       
DPH. . . . . . . .  D ADDR   0083H   A   
DPL. . . . . . . .  D ADDR   0082H   A   
EA . . . . . . . .  B ADDR   00A8H.7 A   
ES . . . . . . . .  B ADDR   00A8H.4 A   
ET0. . . . . . . .  B ADDR   00A8H.1 A   
ET1. . . . . . . .  B ADDR   00A8H.3 A   
ET2. . . . . . . .  B ADDR   00A8H.5 A   
EX0. . . . . . . .  B ADDR   00A8H.0 A   
EX1. . . . . . . .  B ADDR   00A8H.2 A   
EXEN2. . . . . . .  B ADDR   00C8H.3 A   
EXF2 . . . . . . .  B ADDR   00C8H.6 A   
F0 . . . . . . . .  B ADDR   00D0H.5 A   
F1 . . . . . . . .  B ADDR   00D0H.1 A   
FOR. . . . . . . .    ----   -----       
I. . . . . . . . .    ----   -----       
IE . . . . . . . .  D ADDR   00A8H   A   
IE0. . . . . . . .  B ADDR   0088H.1 A   
IE1. . . . . . . .  B ADDR   0088H.3 A   
INT. . . . . . . .    ----   -----       
INT0 . . . . . . .  B ADDR   00B0H.2 A   
INT1 . . . . . . .  B ADDR   00B0H.3 A   
IP . . . . . . . .  D ADDR   00B8H   A   
IT0. . . . . . . .  B ADDR   0088H.0 A   
IT1. . . . . . . .  B ADDR   0088H.2 A   
J. . . . . . . . .    ----   -----       
MAIN . . . . . . .    ----   -----       
MS_COUNT . . . . .    ----   -----       
OV . . . . . . . .  B ADDR   00D0H.2 A   
P. . . . . . . . .  B ADDR   00D0H.0 A   
P0 . . . . . . . .  D ADDR   0080H   A   
P0_0 . . . . . . .  B ADDR   0080H.0 A   
P0_1 . . . . . . .  B ADDR   0080H.1 A   
P0_2 . . . . . . .  B ADDR   0080H.2 A   
P0_3 . . . . . . .  B ADDR   0080H.3 A   
P0_4 . . . . . . .  B ADDR   0080H.4 A   
P0_5 . . . . . . .  B ADDR   0080H.5 A   
P0_6 . . . . . . .  B ADDR   0080H.6 A   
P0_7 . . . . . . .  B ADDR   0080H.7 A   
P1 . . . . . . . .  D ADDR   0090H   A   
P1_0 . . . . . . .  B ADDR   0090H.0 A   
P1_1 . . . . . . .  B ADDR   0090H.1 A   
P1_2 . . . . . . .  B ADDR   0090H.2 A   
P1_3 . . . . . . .  B ADDR   0090H.3 A   
P1_4 . . . . . . .  B ADDR   0090H.4 A   
P1_5 . . . . . . .  B ADDR   0090H.5 A   
P1_6 . . . . . . .  B ADDR   0090H.6 A   
P1_7 . . . . . . .  B ADDR   0090H.7 A   
P2 . . . . . . . .  D ADDR   00A0H   A   
P2_0 . . . . . . .  B ADDR   00A0H.0 A   
P2_1 . . . . . . .  B ADDR   00A0H.1 A   
P2_2 . . . . . . .  B ADDR   00A0H.2 A   
P2_3 . . . . . . .  B ADDR   00A0H.3 A   
A51 MACRO ASSEMBLER  DAY1                                                                 02/11/2021 21:37:34 PAGE     9

P2_4 . . . . . . .  B ADDR   00A0H.4 A   
P2_5 . . . . . . .  B ADDR   00A0H.5 A   
P2_6 . . . . . . .  B ADDR   00A0H.6 A   
P2_7 . . . . . . .  B ADDR   00A0H.7 A   
P3 . . . . . . . .  D ADDR   00B0H   A   
P3_0 . . . . . . .  B ADDR   00B0H.0 A   
P3_1 . . . . . . .  B ADDR   00B0H.1 A   
P3_2 . . . . . . .  B ADDR   00B0H.2 A   
P3_3 . . . . . . .  B ADDR   00B0H.3 A   
P3_4 . . . . . . .  B ADDR   00B0H.4 A   
P3_5 . . . . . . .  B ADDR   00B0H.5 A   
P3_6 . . . . . . .  B ADDR   00B0H.6 A   
P3_7 . . . . . . .  B ADDR   00B0H.7 A   
PCON . . . . . . .  D ADDR   0087H   A   
PS . . . . . . . .  B ADDR   00B8H.4 A   
PSW. . . . . . . .  D ADDR   00D0H   A   
PT0. . . . . . . .  B ADDR   00B8H.1 A   
PT1. . . . . . . .  B ADDR   00B8H.3 A   
PT2. . . . . . . .  B ADDR   00B8H.5 A   
PX0. . . . . . . .  B ADDR   00B8H.0 A   
PX1. . . . . . . .  B ADDR   00B8H.2 A   
RB8. . . . . . . .  B ADDR   0098H.2 A   
RCAP2H . . . . . .  D ADDR   00CBH   A   
RCAP2L . . . . . .  D ADDR   00CAH   A   
RCLK . . . . . . .  B ADDR   00C8H.5 A   
RD . . . . . . . .  B ADDR   00B0H.7 A   
REN. . . . . . . .  B ADDR   0098H.4 A   
RI . . . . . . . .  B ADDR   0098H.0 A   
RS0. . . . . . . .  B ADDR   00D0H.3 A   
RS1. . . . . . . .  B ADDR   00D0H.4 A   
RXD. . . . . . . .  B ADDR   00B0H.0 A   
SBUF . . . . . . .  D ADDR   0099H   A   
SCON . . . . . . .  D ADDR   0098H   A   
SEG_CODE . . . . .    ----   -----       
SM0. . . . . . . .  B ADDR   0098H.7 A   
SM1. . . . . . . .  B ADDR   0098H.6 A   
SM2. . . . . . . .  B ADDR   0098H.5 A   
SP . . . . . . . .  D ADDR   0081H   A   
T0 . . . . . . . .  B ADDR   00B0H.4 A   
T1 . . . . . . . .  B ADDR   00B0H.5 A   
T2 . . . . . . . .  B ADDR   0090H.0 A   
T2CON. . . . . . .  D ADDR   00C8H   A   
T2EX . . . . . . .  B ADDR   0090H.1 A   
T2MOD. . . . . . .  D ADDR   00C9H   A   
TB8. . . . . . . .  B ADDR   0098H.3 A   
TCLK . . . . . . .  B ADDR   00C8H.4 A   
TCON . . . . . . .  D ADDR   0088H   A   
TF0. . . . . . . .  B ADDR   0088H.5 A   
TF1. . . . . . . .  B ADDR   0088H.7 A   
TF2. . . . . . . .  B ADDR   00C8H.7 A   
TH0. . . . . . . .  D ADDR   008CH   A   
TH1. . . . . . . .  D ADDR   008DH   A   
TH2. . . . . . . .  D ADDR   00CDH   A   
TI . . . . . . . .  B ADDR   0098H.1 A   
TL0. . . . . . . .  D ADDR   008AH   A   
TL1. . . . . . . .  D ADDR   008BH   A   
TL2. . . . . . . .  D ADDR   00CCH   A   
TMOD . . . . . . .  D ADDR   0089H   A   
TR0. . . . . . . .  B ADDR   0088H.4 A   
TR1. . . . . . . .  B ADDR   0088H.6 A   
TR2. . . . . . . .  B ADDR   00C8H.2 A   
TXD. . . . . . . .  B ADDR   00B0H.1 A   
UNSIGNED . . . . .    ----   -----       
VOID . . . . . . .    ----   -----       
WHILE. . . . . . .    ----   -----       
WR . . . . . . . .  B ADDR   00B0H.6 A   
A51 MACRO ASSEMBLER  DAY1                                                                 02/11/2021 21:37:34 PAGE    10



REGISTER BANK(S) USED: 0 


ASSEMBLY COMPLETE.  1 WARNING(S), 90 ERROR(S)
