C51 COMPILER V9.60.0.0   LCD_DISPLAY                                                       02/15/2021 15:21:10 PAGE 1   


C51 COMPILER V9.60.0.0, COMPILATION OF MODULE LCD_DISPLAY
OBJECT MODULE PLACED IN .\Objects\lcd_display.obj
COMPILER INVOKED BY: C:\Keil_v5\C51\BIN\C51.EXE lcd_display.c OPTIMIZE(8,SPEED) BROWSE DEBUG OBJECTEXTEND PRINT(.\Listin
                    -gs\lcd_display.lst) TABS(2) OBJECT(.\Objects\lcd_display.obj)

line level    source

   1          // Program for LCD Interfacing with 8051 Microcontroller (AT89S52) 
   2          
   3          #include<reg51.h>
   4          #define display_port P2      //Data pins connected to port 2 on microcontroller
   5          sbit rs = P3^2;  //RS pin connected to pin 2 of port 3
   6          sbit rw = P3^3;  // RW pin connected to pin 3 of port 3
   7          sbit e =  P3^4;  //E pin connected to pin 4 of port 3
   8          
   9          void msdelay(unsigned int time)  // Function for creating delay in milliseconds.
  10          {
  11   1          unsigned i,j ;
  12   1          for(i=0;i<time;i++)    
  13   1          for(j=0;j<1275;j++);
  14   1      }
  15          void lcd_cmd(unsigned char command)  //Function to send command instruction to LCD
  16          {
  17   1          display_port = command;
  18   1          rs= 0;
  19   1          rw=0;
  20   1          e=1;
  21   1          msdelay(1);
  22   1          e=0;
  23   1      }
  24          
  25          void lcd_data(unsigned char disp_data)  //Function to send display data to LCD
  26          {
  27   1          display_port = disp_data;
  28   1          rs= 1;
  29   1          rw=0;
  30   1          e=1;
  31   1          msdelay(1);
  32   1          e=0;
  33   1      }
  34          
  35           void lcd_init()    //Function to prepare the LCD  and get it ready
  36          {
  37   1          lcd_cmd(0x38);  // for using 2 lines and 5X7 matrix of LCD
  38   1          msdelay(10);
  39   1          lcd_cmd(0x0F);  // turn display ON, cursor blinking
  40   1          msdelay(10);
  41   1          lcd_cmd(0x01);  //clear screen
  42   1          msdelay(10);
  43   1          lcd_cmd(0x81);  // bring cursor to position 1 of line 1
  44   1          msdelay(10);
  45   1      }
  46          void main()
  47          {
  48   1          unsigned char a[]="0 1 2 3 4 5 6 7 8 9 PHY#12";    //string of 14 characters with a null terminator.
  49   1          int l=0;
  50   1          lcd_init();
  51   1          while(a[l] != '\0') // searching the null terminator in the sentence
  52   1          {
  53   2              lcd_data(a[l]);
  54   2              l++;
C51 COMPILER V9.60.0.0   LCD_DISPLAY                                                       02/15/2021 15:21:10 PAGE 2   

  55   2              msdelay(50);
  56   2          }
  57   1      }


MODULE INFORMATION:   STATIC OVERLAYABLE
   CODE SIZE        =    151    ----
   CONSTANT SIZE    =     27    ----
   XDATA SIZE       =   ----    ----
   PDATA SIZE       =   ----    ----
   DATA SIZE        =   ----      27
   IDATA SIZE       =   ----    ----
   BIT SIZE         =   ----    ----
END OF MODULE INFORMATION.


C51 COMPILATION COMPLETE.  0 WARNING(S),  0 ERROR(S)
