C51 COMPILER V9.60.0.0   WEEK4DAY2_1                                                       02/15/2021 23:03:02 PAGE 1   


C51 COMPILER V9.60.0.0, COMPILATION OF MODULE WEEK4DAY2_1
OBJECT MODULE PLACED IN .\Objects\week4day2_1.obj
COMPILER INVOKED BY: C:\Keil_v5\C51\BIN\C51.EXE week4day2_1.c OPTIMIZE(8,SPEED) BROWSE DEBUG OBJECTEXTEND PRINT(.\Listin
                    -gs\week4day2_1.lst) TABS(2) OBJECT(.\Objects\week4day2_1.obj)

line level    source

   1          #include<reg51.h>
   2          #include<Windows.h>
*** WARNING C318 IN LINE 2 OF week4day2_1.c: can't open file 'Windows.h'
   3          
   4          //Function declarations
   5          void cct_init(void);
   6          void delay(int);
   7          void lcdinit(void);
   8          void writecmd(int);
   9          void writedata(char);
  10          void ReturnHome(void);
  11          
  12          //*******************
  13          //Pin description
  14          /*
  15          P2 is data bus
  16          P1.0 is RS
  17          P1.1 is E
  18          */
  19          //********************
  20          
  21          // Defines Pins
  22          sbit RS = P1^0;
  23          sbit E  = P1^1;
  24          
  25          // ***********************************************************
  26          // Main program
  27          //
  28          void main(void)
  29          {
  30   1         cct_init();                                     //Make all ports zero
  31   1      
  32   1         lcdinit();                                      //Initilize LCD
  33   1      
  34   1         writecmd(0x81);
  35   1         writedata('0');                                 //write
  36   1         writedata('1');                                 //write
  37   1         writedata('2');                                 //write
  38   1         writedata('3');                                 //write
  39   1         writedata('4');                                 //write
  40   1         writedata('4');                                 //write
  41   1         writedata('5');                                 //write
  42   1         writedata('6');                                 //write
  43   1         writedata('7');                                 //write
  44   1         writedata('8');                                 //write
  45   1         writedata('9');                                 //write
  46   1         writedata(' ');                                 //write
  47   1         writedata('P');                                 //write
  48   1         writedata('H');                                 //write
  49   1         writedata('Y');                                 //write
  50   1         writedata('3');                                 //write
  51   1         writedata('1');                                 //write
  52   1         writedata('2');                                 //write
  53   1         writedata(',');                                 //write
C51 COMPILER V9.60.0.0   WEEK4DAY2_1                                                       02/15/2021 23:03:02 PAGE 2   

  54   1      
  55   1        
  56   1         writecmd(0xc0);
  57   1         writedata('A');                                 //write
  58   1         writedata('d');                                 //write
  59   1         writedata('v');                                 //write
  60   1         writedata('a');                                 //write
  61   1         writedata('n');                                 //write
  62   1         writedata('c');                                 //write
  63   1         writedata('e');                                 //write
  64   1         writedata('d');                                 //write
  65   1         
  66   1         sleep(5);
*** WARNING C206 IN LINE 66 OF week4day2_1.c: 'sleep': missing function-prototype
*** ERROR C267 IN LINE 66 OF week4day2_1.c: 'sleep': requires ANSI-style prototype
  67   1         writecmd(0x01);    //clear display
  68   1         writecmd(0x81);
  69   1         writedata('E');                                 //write
  70   1         writedata('l');                                 //write
  71   1         writedata('e');                                 //write
  72   1         writedata('c');                                 //write
  73   1         writedata('t');                                 //write
  74   1         writedata('r');                                 //write
  75   1         writedata('o');                                 //write
  76   1         writedata('n');                                 //write
  77   1         writedata('i');                                 //write
  78   1         writedata('c');                                 //write
  79   1         writedata('s');                                 //write
  80   1         writedata(' ');                                 //write
  81   1         writedata('a');                                 //write
  82   1         writedata('n');                                 //write
  83   1         writedata('d');                                 //write
  84   1         
  85   1         writecmd(0xc0);
  86   1         writedata('I');                                 //write
  87   1         writedata('n');                                 //write
  88   1         writedata('s');                                 //write
  89   1         writedata('t');                                 //write
  90   1         writedata('r');                                 //write
  91   1         writedata('u');                                 //write
  92   1         writedata('m');                                 //write
  93   1         writedata('e');                                 //write
  94   1         writedata('n');                                 //write
  95   1         writedata('t');                                 //write
  96   1         writedata('a');                                 //write
  97   1         writedata('t');                                 //write
  98   1         writedata('i');                                 //write
  99   1         writedata('o');                                 //write
 100   1         writedata('n');                                 //write
 101   1         
 102   1         
 103   1         
 104   1         
 105   1         
 106   1       
 107   1      
 108   1      
 109   1         ReturnHome();                                   //Return to 0 position
 110   1      
 111   1          while(1)
 112   1          {
 113   2          }
C51 COMPILER V9.60.0.0   WEEK4DAY2_1                                                       02/15/2021 23:03:02 PAGE 3   

 114   1      
 115   1      }
 116          
 117          
 118          void cct_init(void)
 119          {
 120   1      P0 = 0x00;   //not used 
 121   1      P1 = 0x00;   //not used 
 122   1      P2 = 0x00;   //used as data port
 123   1      P3 = 0x00;   //used for generating E and RS
 124   1      }
 125          
 126          void delay(int a)
 127          {
 128   1         int i;
 129   1         for(i=0;i<a;i++);   //null statement
 130   1      }
 131          
 132          void writedata(char t)
 133          {
 134   1         RS = 1;             // => RS = 1
 135   1         P2 = t;             //Data transfer
 136   1         E  = 1;             // => E = 1
 137   1         delay(150);
 138   1         E  = 0;             // => E = 0
 139   1         delay(150);
 140   1      }
 141          
 142          
 143          void writecmd(int z)
 144          {
 145   1         RS = 0;             // => RS = 0
 146   1         P2 = z;             //Data transfer
 147   1         E  = 1;             // => E = 1
 148   1         delay(150);
 149   1         E  = 0;             // => E = 0
 150   1         delay(150);
 151   1      }
 152          
 153          void lcdinit(void)
 154          {
 155   1          delay(15000);
 156   1         writecmd(0x30);
 157   1           delay(4500);
 158   1         writecmd(0x30);
 159   1           delay(300);
 160   1         writecmd(0x30);
 161   1           delay(650);
 162   1      
 163   1         writecmd(0x38);    //function set
 164   1         writecmd(0x0c);    //display on,cursor off,blink off
 165   1         writecmd(0x01);    //clear display
 166   1         writecmd(0x06);    //entry mode, set increment 
 167   1      }
 168          
 169          void ReturnHome(void)     //Return to 0 location
 170          {
 171   1        writecmd(0x02);
 172   1          delay(1500);
 173   1      }

C51 COMPILATION COMPLETE.  2 WARNING(S),  1 ERROR(S)
